<?xml version="1.0" encoding="utf-8"?><testsuites><testsuite name="pytest" errors="0" failures="0" skipped="30" tests="30" time="0.356" timestamp="2026-09-11T09:58:59.963653+08:00" hostname="Dominic"><testcase classname="test_api_requests" name="test_source_request_against_explicit_fixture[[&quot;GET /activity&quot;,&quot;[\\&quot;minimal\\&quot;,null,null]&quot;]]" time="0.001"><skipped type="pytest.skip" message="CREDENTIALS_UNSUPPORTED">D:\skill优化\SkVM\.worktrees\family-current-clean-20260911\results\skill-ir\current-clean-native\onepassword-connect\test_api_requests.py:39: CREDENTIALS_UNSUPPORTED</skipped></testcase><testcase classname="test_api_requests" name="test_source_request_against_explicit_fixture[[&quot;GET /activity&quot;,&quot;[\\&quot;full\\&quot;,null,null]&quot;]]" time="0.000"><skipped type="pytest.skip" message="CREDENTIALS_UNSUPPORTED">D:\skill优化\SkVM\.worktrees\family-current-clean-20260911\results\skill-ir\current-clean-native\onepassword-connect\test_api_requests.py:39: CREDENTIALS_UNSUPPORTED</skipped></testcase><testcase classname="test_api_requests" name="test_source_request_against_explicit_fixture[[&quot;GET /health&quot;,&quot;[\\&quot;minimal\\&quot;,null,null]&quot;]]" time="0.000"><skipped type="pytest.skip" message="EXPLICIT_LOOPBACK_ORACLE_REQUIRED">D:\skill优化\SkVM\.worktrees\family-current-clean-20260911\results\skill-ir\current-clean-native\onepassword-connect\test_api_requests.py:42: EXPLICIT_LOOPBACK_ORACLE_REQUIRED</skipped></testcase><testcase classname="test_api_requests" name="test_source_request_against_explicit_fixture[[&quot;GET /health&quot;,&quot;[\\&quot;full\\&quot;,null,null]&quot;]]" time="0.000"><skipped type="pytest.skip" message="EXPLICIT_LOOPBACK_ORACLE_REQUIRED">D:\skill优化\SkVM\.worktrees\family-current-clean-20260911\results\skill-ir\current-clean-native\onepassword-connect\test_api_requests.py:42: EXPLICIT_LOOPBACK_ORACLE_REQUIRED</skipped></testcase><testcase classname="test_api_requests" name="test_source_request_against_explicit_fixture[[&quot;GET /heartbeat&quot;,&quot;[\\&quot;minimal\\&quot;,null,null]&quot;]]" time="0.000"><skipped type="pytest.skip" message="EXPLICIT_LOOPBACK_ORACLE_REQUIRED">D:\skill优化\SkVM\.worktrees\family-current-clean-20260911\results\skill-ir\current-clean-native\onepassword-connect\test_api_requests.py:42: EXPLICIT_LOOPBACK_ORACLE_REQUIRED</skipped></testcase><testcase classname="test_api_requests" name="test_source_request_against_explicit_fixture[[&quot;GET /heartbeat&quot;,&quot;[\\&quot;full\\&quot;,null,null]&quot;]]" time="0.000"><skipped type="pytest.skip" message="EXPLICIT_LOOPBACK_ORACLE_REQUIRED">D:\skill优化\SkVM\.worktrees\family-current-clean-20260911\results\skill-ir\current-clean-native\onepassword-connect\test_api_requests.py:42: EXPLICIT_LOOPBACK_ORACLE_REQUIRED</skipped></testcase><testcase classname="test_api_requests" name="test_source_request_against_explicit_fixture[[&quot;GET /metrics&quot;,&quot;[\\&quot;minimal\\&quot;,null,null]&quot;]]" time="0.000"><skipped type="pytest.skip" message="EXPLICIT_LOOPBACK_ORACLE_REQUIRED">D:\skill优化\SkVM\.worktrees\family-current-clean-20260911\results\skill-ir\current-clean-native\onepassword-connect\test_api_requests.py:42: EXPLICIT_LOOPBACK_ORACLE_REQUIRED</skipped></testcase><testcase classname="test_api_requests" name="test_source_request_against_explicit_fixture[[&quot;GET /metrics&quot;,&quot;[\\&quot;full\\&quot;,null,null]&quot;]]" time="0.000"><skipped type="pytest.skip" message="EXPLICIT_LOOPBACK_ORACLE_REQUIRED">D:\skill优化\SkVM\.worktrees\family-current-clean-20260911\results\skill-ir\current-clean-native\onepassword-connect\test_api_requests.py:42: EXPLICIT_LOOPBACK_ORACLE_REQUIRED</skipped></testcase><testcase classname="test_api_requests" name="test_source_request_against_explicit_fixture[[&quot;GET /vaults&quot;,&quot;[\\&quot;minimal\\&quot;,null,null]&quot;]]" time="0.000"><skipped type="pytest.skip" message="CREDENTIALS_UNSUPPORTED">D:\skill优化\SkVM\.worktrees\family-current-clean-20260911\results\skill-ir\current-clean-native\onepassword-connect\test_api_requests.py:39: CREDENTIALS_UNSUPPORTED</skipped></testcase><testcase classname="test_api_requests" name="test_source_request_against_explicit_fixture[[&quot;GET /vaults&quot;,&quot;[\\&quot;full\\&quot;,null,null]&quot;]]" time="0.000"><skipped type="pytest.skip" message="CREDENTIALS_UNSUPPORTED">D:\skill优化\SkVM\.worktrees\family-current-clean-20260911\results\skill-ir\current-clean-native\onepassword-connect\test_api_requests.py:39: CREDENTIALS_UNSUPPORTED</skipped></testcase><testcase classname="test_api_requests" name="test_source_request_against_explicit_fixture[[&quot;GET /vaults/{vaultUuid}&quot;,&quot;[\\&quot;minimal\\&quot;,null,null]&quot;]]" time="0.000"><skipped type="pytest.skip" message="CREDENTIALS_UNSUPPORTED">D:\skill优化\SkVM\.worktrees\family-current-clean-20260911\results\skill-ir\current-clean-native\onepassword-connect\test_api_requests.py:39: CREDENTIALS_UNSUPPORTED</skipped></testcase><testcase classname="test_api_requests" name="test_source_request_against_explicit_fixture[[&quot;GET /vaults/{vaultUuid}&quot;,&quot;[\\&quot;full\\&quot;,null,null]&quot;]]" time="0.000"><skipped type="pytest.skip" message="CREDENTIALS_UNSUPPORTED">D:\skill优化\SkVM\.worktrees\family-current-clean-20260911\results\skill-ir\current-clean-native\onepassword-connect\test_api_requests.py:39: CREDENTIALS_UNSUPPORTED</skipped></testcase><testcase classname="test_api_requests" name="test_source_request_against_explicit_fixture[[&quot;GET /vaults/{vaultUuid}/items&quot;,&quot;[\\&quot;minimal\\&quot;,null,null]&quot;]]" time="0.000"><skipped type="pytest.skip" message="CREDENTIALS_UNSUPPORTED">D:\skill优化\SkVM\.worktrees\family-current-clean-20260911\results\skill-ir\current-clean-native\onepassword-connect\test_api_requests.py:39: CREDENTIALS_UNSUPPORTED</skipped></testcase><testcase classname="test_api_requests" name="test_source_request_against_explicit_fixture[[&quot;GET /vaults/{vaultUuid}/items&quot;,&quot;[\\&quot;full\\&quot;,null,null]&quot;]]" time="0.000"><skipped type="pytest.skip" message="CREDENTIALS_UNSUPPORTED">D:\skill优化\SkVM\.worktrees\family-current-clean-20260911\results\skill-ir\current-clean-native\onepassword-connect\test_api_requests.py:39: CREDENTIALS_UNSUPPORTED</skipped></testcase><testcase classname="test_api_requests" name="test_source_request_against_explicit_fixture[[&quot;POST /vaults/{vaultUuid}/items&quot;,&quot;[\\&quot;minimal\\&quot;,null,null]&quot;]]" time="0.000"><skipped type="pytest.skip" message="CREDENTIALS_UNSUPPORTED">D:\skill优化\SkVM\.worktrees\family-current-clean-20260911\results\skill-ir\current-clean-native\onepassword-connect\test_api_requests.py:39: CREDENTIALS_UNSUPPORTED</skipped></testcase><testcase classname="test_api_requests" name="test_source_request_against_explicit_fixture[[&quot;POST /vaults/{vaultUuid}/items&quot;,&quot;[\\&quot;full\\&quot;,\\&quot;application/json\\&quot;,null]&quot;]]" time="0.001"><skipped type="pytest.skip" message="SOURCE_UNRESOLVED: Error: body: unsupported: Error: unsupported: format url">D:\skill优化\SkVM\.worktrees\family-current-clean-20260911\results\skill-ir\current-clean-native\onepassword-connect\test_api_requests.py:37: SOURCE_UNRESOLVED: Error: body: unsupported: Error: unsupported: format url</skipped></testcase><testcase classname="test_api_requests" name="test_source_request_against_explicit_fixture[[&quot;DELETE /vaults/{vaultUuid}/items/{itemUuid}&quot;,&quot;[\\&quot;minimal\\&quot;,null,null]&quot;]]" time="0.000"><skipped type="pytest.skip" message="CREDENTIALS_UNSUPPORTED">D:\skill优化\SkVM\.worktrees\family-current-clean-20260911\results\skill-ir\current-clean-native\onepassword-connect\test_api_requests.py:39: CREDENTIALS_UNSUPPORTED</skipped></testcase><testcase classname="test_api_requests" name="test_source_request_against_explicit_fixture[[&quot;DELETE /vaults/{vaultUuid}/items/{itemUuid}&quot;,&quot;[\\&quot;full\\&quot;,null,null]&quot;]]" time="0.000"><skipped type="pytest.skip" message="CREDENTIALS_UNSUPPORTED">D:\skill优化\SkVM\.worktrees\family-current-clean-20260911\results\skill-ir\current-clean-native\onepassword-connect\test_api_requests.py:39: CREDENTIALS_UNSUPPORTED</skipped></testcase><testcase classname="test_api_requests" name="test_source_request_against_explicit_fixture[[&quot;GET /vaults/{vaultUuid}/items/{itemUuid}&quot;,&quot;[\\&quot;minimal\\&quot;,null,null]&quot;]]" time="0.000"><skipped type="pytest.skip" message="CREDENTIALS_UNSUPPORTED">D:\skill优化\SkVM\.worktrees\family-current-clean-20260911\results\skill-ir\current-clean-native\onepassword-connect\test_api_requests.py:39: CREDENTIALS_UNSUPPORTED</skipped></testcase><testcase classname="test_api_requests" name="test_source_request_against_explicit_fixture[[&quot;GET /vaults/{vaultUuid}/items/{itemUuid}&quot;,&quot;[\\&quot;full\\&quot;,null,null]&quot;]]" time="0.000"><skipped type="pytest.skip" message="CREDENTIALS_UNSUPPORTED">D:\skill优化\SkVM\.worktrees\family-current-clean-20260911\results\skill-ir\current-clean-native\onepassword-connect\test_api_requests.py:39: CREDENTIALS_UNSUPPORTED</skipped></testcase><testcase classname="test_api_requests" name="test_source_request_against_explicit_fixture[[&quot;PATCH /vaults/{vaultUuid}/items/{itemUuid}&quot;,&quot;[\\&quot;minimal\\&quot;,null,null]&quot;]]" time="0.000"><skipped type="pytest.skip" message="CREDENTIALS_UNSUPPORTED">D:\skill优化\SkVM\.worktrees\family-current-clean-20260911\results\skill-ir\current-clean-native\onepassword-connect\test_api_requests.py:39: CREDENTIALS_UNSUPPORTED</skipped></testcase><testcase classname="test_api_requests" name="test_source_request_against_explicit_fixture[[&quot;PATCH /vaults/{vaultUuid}/items/{itemUuid}&quot;,&quot;[\\&quot;full\\&quot;,\\&quot;application/json\\&quot;,null]&quot;]]" time="0.001"><skipped type="pytest.skip" message="CREDENTIALS_UNSUPPORTED">D:\skill优化\SkVM\.worktrees\family-current-clean-20260911\results\skill-ir\current-clean-native\onepassword-connect\test_api_requests.py:39: CREDENTIALS_UNSUPPORTED</skipped></testcase><testcase classname="test_api_requests" name="test_source_request_against_explicit_fixture[[&quot;PUT /vaults/{vaultUuid}/items/{itemUuid}&quot;,&quot;[\\&quot;minimal\\&quot;,null,null]&quot;]]" time="0.000"><skipped type="pytest.skip" message="CREDENTIALS_UNSUPPORTED">D:\skill优化\SkVM\.worktrees\family-current-clean-20260911\results\skill-ir\current-clean-native\onepassword-connect\test_api_requests.py:39: CREDENTIALS_UNSUPPORTED</skipped></testcase><testcase classname="test_api_requests" name="test_source_request_against_explicit_fixture[[&quot;PUT /vaults/{vaultUuid}/items/{itemUuid}&quot;,&quot;[\\&quot;full\\&quot;,\\&quot;application/json\\&quot;,null]&quot;]]" time="0.000"><skipped type="pytest.skip" message="SOURCE_UNRESOLVED: Error: body: unsupported: Error: unsupported: format url">D:\skill优化\SkVM\.worktrees\family-current-clean-20260911\results\skill-ir\current-clean-native\onepassword-connect\test_api_requests.py:37: SOURCE_UNRESOLVED: Error: body: unsupported: Error: unsupported: format url</skipped></testcase><testcase classname="test_api_requests" name="test_source_request_against_explicit_fixture[[&quot;GET /vaults/{vaultUuid}/items/{itemUuid}/files&quot;,&quot;[\\&quot;minimal\\&quot;,null,null]&quot;]]" time="0.000"><skipped type="pytest.skip" message="CREDENTIALS_UNSUPPORTED">D:\skill优化\SkVM\.worktrees\family-current-clean-20260911\results\skill-ir\current-clean-native\onepassword-connect\test_api_requests.py:39: CREDENTIALS_UNSUPPORTED</skipped></testcase><testcase classname="test_api_requests" name="test_source_request_against_explicit_fixture[[&quot;GET /vaults/{vaultUuid}/items/{itemUuid}/files&quot;,&quot;[\\&quot;full\\&quot;,null,null]&quot;]]" time="0.000"><skipped type="pytest.skip" message="CREDENTIALS_UNSUPPORTED">D:\skill优化\SkVM\.worktrees\family-current-clean-20260911\results\skill-ir\current-clean-native\onepassword-connect\test_api_requests.py:39: CREDENTIALS_UNSUPPORTED</skipped></testcase><testcase classname="test_api_requests" name="test_source_request_against_explicit_fixture[[&quot;GET /vaults/{vaultUuid}/items/{itemUuid}/files/{fileUuid}&quot;,&quot;[\\&quot;minimal\\&quot;,null,null]&quot;]]" time="0.000"><skipped type="pytest.skip" message="CREDENTIALS_UNSUPPORTED">D:\skill优化\SkVM\.worktrees\family-current-clean-20260911\results\skill-ir\current-clean-native\onepassword-connect\test_api_requests.py:39: CREDENTIALS_UNSUPPORTED</skipped></testcase><testcase classname="test_api_requests" name="test_source_request_against_explicit_fixture[[&quot;GET /vaults/{vaultUuid}/items/{itemUuid}/files/{fileUuid}&quot;,&quot;[\\&quot;full\\&quot;,null,null]&quot;]]" time="0.000"><skipped type="pytest.skip" message="CREDENTIALS_UNSUPPORTED">D:\skill优化\SkVM\.worktrees\family-current-clean-20260911\results\skill-ir\current-clean-native\onepassword-connect\test_api_requests.py:39: CREDENTIALS_UNSUPPORTED</skipped></testcase><testcase classname="test_api_requests" name="test_source_request_against_explicit_fixture[[&quot;GET /vaults/{vaultUuid}/items/{itemUuid}/files/{fileUuid}/content&quot;,&quot;[\\&quot;minimal\\&quot;,null,null]&quot;]]" time="0.000"><skipped type="pytest.skip" message="CREDENTIALS_UNSUPPORTED">D:\skill优化\SkVM\.worktrees\family-current-clean-20260911\results\skill-ir\current-clean-native\onepassword-connect\test_api_requests.py:39: CREDENTIALS_UNSUPPORTED</skipped></testcase><testcase classname="test_api_requests" name="test_source_request_against_explicit_fixture[[&quot;GET /vaults/{vaultUuid}/items/{itemUuid}/files/{fileUuid}/content&quot;,&quot;[\\&quot;full\\&quot;,null,null]&quot;]]" time="0.000"><skipped type="pytest.skip" message="CREDENTIALS_UNSUPPORTED">D:\skill优化\SkVM\.worktrees\family-current-clean-20260911\results\skill-ir\current-clean-native\onepassword-connect\test_api_requests.py:39: CREDENTIALS_UNSUPPORTED</skipped></testcase></testsuite></testsuites>