<?xml version="1.0" encoding="utf-8"?><testsuites><testsuite name="pytest" errors="0" failures="0" skipped="6" tests="6" time="0.263" timestamp="2026-09-11T09:59:09.760306+08:00" hostname="Dominic"><testcase classname="test_api_requests" name="test_source_request_against_explicit_fixture[[&quot;POST /v1/admin/visierSecureTicket&quot;,&quot;[\\&quot;minimal\\&quot;,\\&quot;application/x-www-form-urlencoded\\&quot;,null]&quot;]]" time="0.001"><skipped type="pytest.skip" message="SOURCE_UNRESOLVED: Error: form field count unsupported">D:\skill优化\SkVM\.worktrees\family-current-clean-20260911\results\skill-ir\current-clean-native\visier-authentication\test_api_requests.py:37: SOURCE_UNRESOLVED: Error: form field count unsupported</skipped></testcase><testcase classname="test_api_requests" name="test_source_request_against_explicit_fixture[[&quot;POST /v1/admin/visierSecureTicket&quot;,&quot;[\\&quot;minimal\\&quot;,\\&quot;application/x-www-form-urlencoded\\&quot;,\\&quot;body\\&quot;]&quot;]]" time="0.000"><skipped type="pytest.skip" message="EXPLICIT_LOOPBACK_ORACLE_REQUIRED">D:\skill优化\SkVM\.worktrees\family-current-clean-20260911\results\skill-ir\current-clean-native\visier-authentication\test_api_requests.py:42: EXPLICIT_LOOPBACK_ORACLE_REQUIRED</skipped></testcase><testcase classname="test_api_requests" name="test_source_request_against_explicit_fixture[[&quot;POST /v1/admin/visierSecureTicket&quot;,&quot;[\\&quot;full\\&quot;,\\&quot;application/x-www-form-urlencoded\\&quot;,null]&quot;]]" time="0.000"><skipped type="pytest.skip" message="EXPLICIT_LOOPBACK_ORACLE_REQUIRED">D:\skill优化\SkVM\.worktrees\family-current-clean-20260911\results\skill-ir\current-clean-native\visier-authentication\test_api_requests.py:42: EXPLICIT_LOOPBACK_ORACLE_REQUIRED</skipped></testcase><testcase classname="test_api_requests" name="test_source_request_against_explicit_fixture[[&quot;POST /v1/admin/visierSecureToken&quot;,&quot;[\\&quot;minimal\\&quot;,\\&quot;application/x-www-form-urlencoded\\&quot;,null]&quot;]]" time="0.000"><skipped type="pytest.skip" message="SOURCE_UNRESOLVED: Error: form field count unsupported">D:\skill优化\SkVM\.worktrees\family-current-clean-20260911\results\skill-ir\current-clean-native\visier-authentication\test_api_requests.py:37: SOURCE_UNRESOLVED: Error: form field count unsupported</skipped></testcase><testcase classname="test_api_requests" name="test_source_request_against_explicit_fixture[[&quot;POST /v1/admin/visierSecureToken&quot;,&quot;[\\&quot;minimal\\&quot;,\\&quot;application/x-www-form-urlencoded\\&quot;,\\&quot;body\\&quot;]&quot;]]" time="0.000"><skipped type="pytest.skip" message="EXPLICIT_LOOPBACK_ORACLE_REQUIRED">D:\skill优化\SkVM\.worktrees\family-current-clean-20260911\results\skill-ir\current-clean-native\visier-authentication\test_api_requests.py:42: EXPLICIT_LOOPBACK_ORACLE_REQUIRED</skipped></testcase><testcase classname="test_api_requests" name="test_source_request_against_explicit_fixture[[&quot;POST /v1/admin/visierSecureToken&quot;,&quot;[\\&quot;full\\&quot;,\\&quot;application/x-www-form-urlencoded\\&quot;,null]&quot;]]" time="0.000"><skipped type="pytest.skip" message="EXPLICIT_LOOPBACK_ORACLE_REQUIRED">D:\skill优化\SkVM\.worktrees\family-current-clean-20260911\results\skill-ir\current-clean-native\visier-authentication\test_api_requests.py:42: EXPLICIT_LOOPBACK_ORACLE_REQUIRED</skipped></testcase></testsuite></testsuites>