<?xml version="1.0" encoding="utf-8"?><testsuites><testsuite name="pytest" errors="0" failures="0" skipped="28" tests="28" time="0.328" timestamp="2026-09-11T09:59:04.290072+08:00" hostname="Dominic"><testcase classname="test_api_requests" name="test_source_request_against_explicit_fixture[[&quot;GET /v1/budget_programs&quot;,&quot;[\\&quot;minimal\\&quot;,null,null]&quot;]]" time="0.001"><skipped type="pytest.skip" message="CREDENTIALS_UNSUPPORTED">D:\skill优化\SkVM\.worktrees\family-current-clean-20260911\results\skill-ir\current-clean-native\brex-budgets\test_api_requests.py:39: CREDENTIALS_UNSUPPORTED</skipped></testcase><testcase classname="test_api_requests" name="test_source_request_against_explicit_fixture[[&quot;GET /v1/budget_programs&quot;,&quot;[\\&quot;full\\&quot;,null,null]&quot;]]" time="0.001"><skipped type="pytest.skip" message="CREDENTIALS_UNSUPPORTED">D:\skill优化\SkVM\.worktrees\family-current-clean-20260911\results\skill-ir\current-clean-native\brex-budgets\test_api_requests.py:39: CREDENTIALS_UNSUPPORTED</skipped></testcase><testcase classname="test_api_requests" name="test_source_request_against_explicit_fixture[[&quot;POST /v1/budget_programs&quot;,&quot;[\\&quot;minimal\\&quot;,\\&quot;application/json\\&quot;,null]&quot;]]" time="0.000"><skipped type="pytest.skip" message="CREDENTIALS_UNSUPPORTED">D:\skill优化\SkVM\.worktrees\family-current-clean-20260911\results\skill-ir\current-clean-native\brex-budgets\test_api_requests.py:39: CREDENTIALS_UNSUPPORTED</skipped></testcase><testcase classname="test_api_requests" name="test_source_request_against_explicit_fixture[[&quot;POST /v1/budget_programs&quot;,&quot;[\\&quot;minimal\\&quot;,\\&quot;application/json\\&quot;,\\&quot;header:Idempotency-Key\\&quot;]&quot;]]" time="0.000"><skipped type="pytest.skip" message="CREDENTIALS_UNSUPPORTED">D:\skill优化\SkVM\.worktrees\family-current-clean-20260911\results\skill-ir\current-clean-native\brex-budgets\test_api_requests.py:39: CREDENTIALS_UNSUPPORTED</skipped></testcase><testcase classname="test_api_requests" name="test_source_request_against_explicit_fixture[[&quot;POST /v1/budget_programs&quot;,&quot;[\\&quot;minimal\\&quot;,\\&quot;application/json\\&quot;,\\&quot;body\\&quot;]&quot;]]" time="0.000"><skipped type="pytest.skip" message="CREDENTIALS_UNSUPPORTED">D:\skill优化\SkVM\.worktrees\family-current-clean-20260911\results\skill-ir\current-clean-native\brex-budgets\test_api_requests.py:39: CREDENTIALS_UNSUPPORTED</skipped></testcase><testcase classname="test_api_requests" name="test_source_request_against_explicit_fixture[[&quot;POST /v1/budget_programs&quot;,&quot;[\\&quot;full\\&quot;,\\&quot;application/json\\&quot;,null]&quot;]]" time="0.000"><skipped type="pytest.skip" message="CREDENTIALS_UNSUPPORTED">D:\skill优化\SkVM\.worktrees\family-current-clean-20260911\results\skill-ir\current-clean-native\brex-budgets\test_api_requests.py:39: CREDENTIALS_UNSUPPORTED</skipped></testcase><testcase classname="test_api_requests" name="test_source_request_against_explicit_fixture[[&quot;DELETE /v1/budget_programs/{id}&quot;,&quot;[\\&quot;minimal\\&quot;,null,null]&quot;]]" time="0.000"><skipped type="pytest.skip" message="CREDENTIALS_UNSUPPORTED">D:\skill优化\SkVM\.worktrees\family-current-clean-20260911\results\skill-ir\current-clean-native\brex-budgets\test_api_requests.py:39: CREDENTIALS_UNSUPPORTED</skipped></testcase><testcase classname="test_api_requests" name="test_source_request_against_explicit_fixture[[&quot;DELETE /v1/budget_programs/{id}&quot;,&quot;[\\&quot;full\\&quot;,null,null]&quot;]]" time="0.000"><skipped type="pytest.skip" message="CREDENTIALS_UNSUPPORTED">D:\skill优化\SkVM\.worktrees\family-current-clean-20260911\results\skill-ir\current-clean-native\brex-budgets\test_api_requests.py:39: CREDENTIALS_UNSUPPORTED</skipped></testcase><testcase classname="test_api_requests" name="test_source_request_against_explicit_fixture[[&quot;GET /v1/budget_programs/{id}&quot;,&quot;[\\&quot;minimal\\&quot;,null,null]&quot;]]" time="0.000"><skipped type="pytest.skip" message="CREDENTIALS_UNSUPPORTED">D:\skill优化\SkVM\.worktrees\family-current-clean-20260911\results\skill-ir\current-clean-native\brex-budgets\test_api_requests.py:39: CREDENTIALS_UNSUPPORTED</skipped></testcase><testcase classname="test_api_requests" name="test_source_request_against_explicit_fixture[[&quot;GET /v1/budget_programs/{id}&quot;,&quot;[\\&quot;full\\&quot;,null,null]&quot;]]" time="0.000"><skipped type="pytest.skip" message="CREDENTIALS_UNSUPPORTED">D:\skill优化\SkVM\.worktrees\family-current-clean-20260911\results\skill-ir\current-clean-native\brex-budgets\test_api_requests.py:39: CREDENTIALS_UNSUPPORTED</skipped></testcase><testcase classname="test_api_requests" name="test_source_request_against_explicit_fixture[[&quot;PUT /v1/budget_programs/{id}&quot;,&quot;[\\&quot;minimal\\&quot;,\\&quot;application/json\\&quot;,null]&quot;]]" time="0.000"><skipped type="pytest.skip" message="CREDENTIALS_UNSUPPORTED">D:\skill优化\SkVM\.worktrees\family-current-clean-20260911\results\skill-ir\current-clean-native\brex-budgets\test_api_requests.py:39: CREDENTIALS_UNSUPPORTED</skipped></testcase><testcase classname="test_api_requests" name="test_source_request_against_explicit_fixture[[&quot;PUT /v1/budget_programs/{id}&quot;,&quot;[\\&quot;minimal\\&quot;,\\&quot;application/json\\&quot;,\\&quot;header:Idempotency-Key\\&quot;]&quot;]]" time="0.000"><skipped type="pytest.skip" message="CREDENTIALS_UNSUPPORTED">D:\skill优化\SkVM\.worktrees\family-current-clean-20260911\results\skill-ir\current-clean-native\brex-budgets\test_api_requests.py:39: CREDENTIALS_UNSUPPORTED</skipped></testcase><testcase classname="test_api_requests" name="test_source_request_against_explicit_fixture[[&quot;PUT /v1/budget_programs/{id}&quot;,&quot;[\\&quot;minimal\\&quot;,\\&quot;application/json\\&quot;,\\&quot;body\\&quot;]&quot;]]" time="0.000"><skipped type="pytest.skip" message="CREDENTIALS_UNSUPPORTED">D:\skill优化\SkVM\.worktrees\family-current-clean-20260911\results\skill-ir\current-clean-native\brex-budgets\test_api_requests.py:39: CREDENTIALS_UNSUPPORTED</skipped></testcase><testcase classname="test_api_requests" name="test_source_request_against_explicit_fixture[[&quot;PUT /v1/budget_programs/{id}&quot;,&quot;[\\&quot;full\\&quot;,\\&quot;application/json\\&quot;,null]&quot;]]" time="0.000"><skipped type="pytest.skip" message="CREDENTIALS_UNSUPPORTED">D:\skill优化\SkVM\.worktrees\family-current-clean-20260911\results\skill-ir\current-clean-native\brex-budgets\test_api_requests.py:39: CREDENTIALS_UNSUPPORTED</skipped></testcase><testcase classname="test_api_requests" name="test_source_request_against_explicit_fixture[[&quot;GET /v1/budgets&quot;,&quot;[\\&quot;minimal\\&quot;,null,null]&quot;]]" time="0.000"><skipped type="pytest.skip" message="CREDENTIALS_UNSUPPORTED">D:\skill优化\SkVM\.worktrees\family-current-clean-20260911\results\skill-ir\current-clean-native\brex-budgets\test_api_requests.py:39: CREDENTIALS_UNSUPPORTED</skipped></testcase><testcase classname="test_api_requests" name="test_source_request_against_explicit_fixture[[&quot;GET /v1/budgets&quot;,&quot;[\\&quot;full\\&quot;,null,null]&quot;]]" time="0.000"><skipped type="pytest.skip" message="CREDENTIALS_UNSUPPORTED">D:\skill优化\SkVM\.worktrees\family-current-clean-20260911\results\skill-ir\current-clean-native\brex-budgets\test_api_requests.py:39: CREDENTIALS_UNSUPPORTED</skipped></testcase><testcase classname="test_api_requests" name="test_source_request_against_explicit_fixture[[&quot;POST /v1/budgets&quot;,&quot;[\\&quot;minimal\\&quot;,\\&quot;application/json\\&quot;,null]&quot;]]" time="0.000"><skipped type="pytest.skip" message="CREDENTIALS_UNSUPPORTED">D:\skill优化\SkVM\.worktrees\family-current-clean-20260911\results\skill-ir\current-clean-native\brex-budgets\test_api_requests.py:39: CREDENTIALS_UNSUPPORTED</skipped></testcase><testcase classname="test_api_requests" name="test_source_request_against_explicit_fixture[[&quot;POST /v1/budgets&quot;,&quot;[\\&quot;minimal\\&quot;,\\&quot;application/json\\&quot;,\\&quot;header:Idempotency-Key\\&quot;]&quot;]]" time="0.000"><skipped type="pytest.skip" message="CREDENTIALS_UNSUPPORTED">D:\skill优化\SkVM\.worktrees\family-current-clean-20260911\results\skill-ir\current-clean-native\brex-budgets\test_api_requests.py:39: CREDENTIALS_UNSUPPORTED</skipped></testcase><testcase classname="test_api_requests" name="test_source_request_against_explicit_fixture[[&quot;POST /v1/budgets&quot;,&quot;[\\&quot;minimal\\&quot;,\\&quot;application/json\\&quot;,\\&quot;body\\&quot;]&quot;]]" time="0.000"><skipped type="pytest.skip" message="CREDENTIALS_UNSUPPORTED">D:\skill优化\SkVM\.worktrees\family-current-clean-20260911\results\skill-ir\current-clean-native\brex-budgets\test_api_requests.py:39: CREDENTIALS_UNSUPPORTED</skipped></testcase><testcase classname="test_api_requests" name="test_source_request_against_explicit_fixture[[&quot;POST /v1/budgets&quot;,&quot;[\\&quot;full\\&quot;,\\&quot;application/json\\&quot;,null]&quot;]]" time="0.000"><skipped type="pytest.skip" message="CREDENTIALS_UNSUPPORTED">D:\skill优化\SkVM\.worktrees\family-current-clean-20260911\results\skill-ir\current-clean-native\brex-budgets\test_api_requests.py:39: CREDENTIALS_UNSUPPORTED</skipped></testcase><testcase classname="test_api_requests" name="test_source_request_against_explicit_fixture[[&quot;GET /v1/budgets/{id}&quot;,&quot;[\\&quot;minimal\\&quot;,null,null]&quot;]]" time="0.000"><skipped type="pytest.skip" message="CREDENTIALS_UNSUPPORTED">D:\skill优化\SkVM\.worktrees\family-current-clean-20260911\results\skill-ir\current-clean-native\brex-budgets\test_api_requests.py:39: CREDENTIALS_UNSUPPORTED</skipped></testcase><testcase classname="test_api_requests" name="test_source_request_against_explicit_fixture[[&quot;GET /v1/budgets/{id}&quot;,&quot;[\\&quot;full\\&quot;,null,null]&quot;]]" time="0.000"><skipped type="pytest.skip" message="CREDENTIALS_UNSUPPORTED">D:\skill优化\SkVM\.worktrees\family-current-clean-20260911\results\skill-ir\current-clean-native\brex-budgets\test_api_requests.py:39: CREDENTIALS_UNSUPPORTED</skipped></testcase><testcase classname="test_api_requests" name="test_source_request_against_explicit_fixture[[&quot;PUT /v1/budgets/{id}&quot;,&quot;[\\&quot;minimal\\&quot;,\\&quot;application/json\\&quot;,null]&quot;]]" time="0.000"><skipped type="pytest.skip" message="CREDENTIALS_UNSUPPORTED">D:\skill优化\SkVM\.worktrees\family-current-clean-20260911\results\skill-ir\current-clean-native\brex-budgets\test_api_requests.py:39: CREDENTIALS_UNSUPPORTED</skipped></testcase><testcase classname="test_api_requests" name="test_source_request_against_explicit_fixture[[&quot;PUT /v1/budgets/{id}&quot;,&quot;[\\&quot;minimal\\&quot;,\\&quot;application/json\\&quot;,\\&quot;header:Idempotency-Key\\&quot;]&quot;]]" time="0.000"><skipped type="pytest.skip" message="CREDENTIALS_UNSUPPORTED">D:\skill优化\SkVM\.worktrees\family-current-clean-20260911\results\skill-ir\current-clean-native\brex-budgets\test_api_requests.py:39: CREDENTIALS_UNSUPPORTED</skipped></testcase><testcase classname="test_api_requests" name="test_source_request_against_explicit_fixture[[&quot;PUT /v1/budgets/{id}&quot;,&quot;[\\&quot;minimal\\&quot;,\\&quot;application/json\\&quot;,\\&quot;body\\&quot;]&quot;]]" time="0.000"><skipped type="pytest.skip" message="CREDENTIALS_UNSUPPORTED">D:\skill优化\SkVM\.worktrees\family-current-clean-20260911\results\skill-ir\current-clean-native\brex-budgets\test_api_requests.py:39: CREDENTIALS_UNSUPPORTED</skipped></testcase><testcase classname="test_api_requests" name="test_source_request_against_explicit_fixture[[&quot;PUT /v1/budgets/{id}&quot;,&quot;[\\&quot;full\\&quot;,\\&quot;application/json\\&quot;,null]&quot;]]" time="0.000"><skipped type="pytest.skip" message="CREDENTIALS_UNSUPPORTED">D:\skill优化\SkVM\.worktrees\family-current-clean-20260911\results\skill-ir\current-clean-native\brex-budgets\test_api_requests.py:39: CREDENTIALS_UNSUPPORTED</skipped></testcase><testcase classname="test_api_requests" name="test_source_request_against_explicit_fixture[[&quot;POST /v1/budgets/{id}/archive&quot;,&quot;[\\&quot;minimal\\&quot;,null,null]&quot;]]" time="0.000"><skipped type="pytest.skip" message="CREDENTIALS_UNSUPPORTED">D:\skill优化\SkVM\.worktrees\family-current-clean-20260911\results\skill-ir\current-clean-native\brex-budgets\test_api_requests.py:39: CREDENTIALS_UNSUPPORTED</skipped></testcase><testcase classname="test_api_requests" name="test_source_request_against_explicit_fixture[[&quot;POST /v1/budgets/{id}/archive&quot;,&quot;[\\&quot;full\\&quot;,null,null]&quot;]]" time="0.001"><skipped type="pytest.skip" message="CREDENTIALS_UNSUPPORTED">D:\skill优化\SkVM\.worktrees\family-current-clean-20260911\results\skill-ir\current-clean-native\brex-budgets\test_api_requests.py:39: CREDENTIALS_UNSUPPORTED</skipped></testcase></testsuite></testsuites>