<?xml version="1.0" encoding="utf-8"?><testsuites><testsuite name="pytest" errors="0" failures="0" skipped="8" tests="10" time="0.310" timestamp="2026-09-11T10:30:55.467729+08:00" hostname="Dominic"><testcase classname="test_api_requests" name="test_source_request_against_explicit_fixture[[&quot;POST /cookie-unsupported/{id}&quot;,&quot;[\\&quot;minimal\\&quot;,\\&quot;application/x-www-form-urlencoded\\&quot;,null]&quot;]]" time="0.000"><skipped type="pytest.skip" message="SOURCE_UNRESOLVED: Error: cookie assembly unsupported">D:\skill优化\SkVM\results\skill-ir\skill-family-native-wire-development-20260911\first-verified-run\test_api_requests.py:37: SOURCE_UNRESOLVED: Error: cookie assembly unsupported</skipped></testcase><testcase classname="test_api_requests" name="test_source_request_against_explicit_fixture[[&quot;POST /cookie-unsupported/{id}&quot;,&quot;[\\&quot;minimal\\&quot;,\\&quot;application/x-www-form-urlencoded\\&quot;,\\&quot;header:X-Trace\\&quot;]&quot;]]" time="0.000"><skipped type="pytest.skip" message="SOURCE_UNRESOLVED: Error: cookie assembly unsupported">D:\skill优化\SkVM\results\skill-ir\skill-family-native-wire-development-20260911\first-verified-run\test_api_requests.py:37: SOURCE_UNRESOLVED: Error: cookie assembly unsupported</skipped></testcase><testcase classname="test_api_requests" name="test_source_request_against_explicit_fixture[[&quot;POST /cookie-unsupported/{id}&quot;,&quot;[\\&quot;minimal\\&quot;,\\&quot;application/x-www-form-urlencoded\\&quot;,\\&quot;query:q#name\\&quot;]&quot;]]" time="0.000"><skipped type="pytest.skip" message="SOURCE_UNRESOLVED: Error: cookie assembly unsupported">D:\skill优化\SkVM\results\skill-ir\skill-family-native-wire-development-20260911\first-verified-run\test_api_requests.py:37: SOURCE_UNRESOLVED: Error: cookie assembly unsupported</skipped></testcase><testcase classname="test_api_requests" name="test_source_request_against_explicit_fixture[[&quot;POST /cookie-unsupported/{id}&quot;,&quot;[\\&quot;minimal\\&quot;,\\&quot;application/x-www-form-urlencoded\\&quot;,\\&quot;body\\&quot;]&quot;]]" time="0.000"><skipped type="pytest.skip" message="SOURCE_UNRESOLVED: Error: cookie assembly unsupported">D:\skill优化\SkVM\results\skill-ir\skill-family-native-wire-development-20260911\first-verified-run\test_api_requests.py:37: SOURCE_UNRESOLVED: Error: cookie assembly unsupported</skipped></testcase><testcase classname="test_api_requests" name="test_source_request_against_explicit_fixture[[&quot;POST /cookie-unsupported/{id}&quot;,&quot;[\\&quot;full\\&quot;,\\&quot;application/x-www-form-urlencoded\\&quot;,null]&quot;]]" time="0.000"><skipped type="pytest.skip" message="SOURCE_UNRESOLVED: Error: cookie assembly unsupported">D:\skill优化\SkVM\results\skill-ir\skill-family-native-wire-development-20260911\first-verified-run\test_api_requests.py:37: SOURCE_UNRESOLVED: Error: cookie assembly unsupported</skipped></testcase><testcase classname="test_api_requests" name="test_source_request_against_explicit_fixture[[&quot;POST /forms/{id}&quot;,&quot;[\\&quot;minimal\\&quot;,\\&quot;application/x-www-form-urlencoded\\&quot;,null]&quot;]]" time="0.000"><skipped type="pytest.skip" message="SOURCE_UNRESOLVED: Error: query:q#name: unresolved: schema-valid candidate does not cover requested minimal/full shape">D:\skill优化\SkVM\results\skill-ir\skill-family-native-wire-development-20260911\first-verified-run\test_api_requests.py:37: SOURCE_UNRESOLVED: Error: query:q#name: unresolved: schema-valid candidate does not cover requested minimal/full shape</skipped></testcase><testcase classname="test_api_requests" name="test_source_request_against_explicit_fixture[[&quot;POST /forms/{id}&quot;,&quot;[\\&quot;minimal\\&quot;,\\&quot;application/x-www-form-urlencoded\\&quot;,\\&quot;header:X-Trace\\&quot;]&quot;]]" time="0.000"><skipped type="pytest.skip" message="SOURCE_UNRESOLVED: Error: query:q#name: unresolved: schema-valid candidate does not cover requested minimal/full shape">D:\skill优化\SkVM\results\skill-ir\skill-family-native-wire-development-20260911\first-verified-run\test_api_requests.py:37: SOURCE_UNRESOLVED: Error: query:q#name: unresolved: schema-valid candidate does not cover requested minimal/full shape</skipped></testcase><testcase classname="test_api_requests" name="test_source_request_against_explicit_fixture[[&quot;POST /forms/{id}&quot;,&quot;[\\&quot;minimal\\&quot;,\\&quot;application/x-www-form-urlencoded\\&quot;,\\&quot;query:q#name\\&quot;]&quot;]]" time="0.013" /><testcase classname="test_api_requests" name="test_source_request_against_explicit_fixture[[&quot;POST /forms/{id}&quot;,&quot;[\\&quot;minimal\\&quot;,\\&quot;application/x-www-form-urlencoded\\&quot;,\\&quot;body\\&quot;]&quot;]]" time="0.000"><skipped type="pytest.skip" message="SOURCE_UNRESOLVED: Error: query:q#name: unresolved: schema-valid candidate does not cover requested minimal/full shape">D:\skill优化\SkVM\results\skill-ir\skill-family-native-wire-development-20260911\first-verified-run\test_api_requests.py:37: SOURCE_UNRESOLVED: Error: query:q#name: unresolved: schema-valid candidate does not cover requested minimal/full shape</skipped></testcase><testcase classname="test_api_requests" name="test_source_request_against_explicit_fixture[[&quot;POST /forms/{id}&quot;,&quot;[\\&quot;full\\&quot;,\\&quot;application/x-www-form-urlencoded\\&quot;,null]&quot;]]" time="0.033" /></testsuite></testsuites>