<?xml version="1.0" encoding="utf-8"?><testsuites><testsuite name="pytest" errors="0" failures="0" skipped="9" tests="9" time="0.160" timestamp="2026-09-11T09:19:54.564703+08:00" hostname="Dominic"><testcase classname="test_api_requests" name="test_source_request_against_explicit_fixture[[&quot;POST /api/v1/partners/accounts&quot;,&quot;[\\&quot;minimal\\&quot;,\\&quot;application/json\\&quot;,null]&quot;]]" time="0.001"><skipped type="pytest.skip" message="CREDENTIALS_UNSUPPORTED">D:\skill优化\SkVM\results\skill-ir\skill-family-pytest-development-20260911\first-run\onepassword-partnership\test_api_requests.py:39: CREDENTIALS_UNSUPPORTED</skipped></testcase><testcase classname="test_api_requests" name="test_source_request_against_explicit_fixture[[&quot;POST /api/v1/partners/accounts&quot;,&quot;[\\&quot;minimal\\&quot;,\\&quot;application/json\\&quot;,\\&quot;body\\&quot;]&quot;]]" time="0.001"><skipped type="pytest.skip" message="CREDENTIALS_UNSUPPORTED">D:\skill优化\SkVM\results\skill-ir\skill-family-pytest-development-20260911\first-run\onepassword-partnership\test_api_requests.py:39: CREDENTIALS_UNSUPPORTED</skipped></testcase><testcase classname="test_api_requests" name="test_source_request_against_explicit_fixture[[&quot;POST /api/v1/partners/accounts&quot;,&quot;[\\&quot;full\\&quot;,\\&quot;application/json\\&quot;,null]&quot;]]" time="0.000"><skipped type="pytest.skip" message="CREDENTIALS_UNSUPPORTED">D:\skill优化\SkVM\results\skill-ir\skill-family-pytest-development-20260911\first-run\onepassword-partnership\test_api_requests.py:39: CREDENTIALS_UNSUPPORTED</skipped></testcase><testcase classname="test_api_requests" name="test_source_request_against_explicit_fixture[[&quot;DELETE /api/v1/partners/accounts/{customer_account_uid}&quot;,&quot;[\\&quot;minimal\\&quot;,null,null]&quot;]]" time="0.000"><skipped type="pytest.skip" message="CREDENTIALS_UNSUPPORTED">D:\skill优化\SkVM\results\skill-ir\skill-family-pytest-development-20260911\first-run\onepassword-partnership\test_api_requests.py:39: CREDENTIALS_UNSUPPORTED</skipped></testcase><testcase classname="test_api_requests" name="test_source_request_against_explicit_fixture[[&quot;DELETE /api/v1/partners/accounts/{customer_account_uid}&quot;,&quot;[\\&quot;full\\&quot;,null,null]&quot;]]" time="0.000"><skipped type="pytest.skip" message="CREDENTIALS_UNSUPPORTED">D:\skill优化\SkVM\results\skill-ir\skill-family-pytest-development-20260911\first-run\onepassword-partnership\test_api_requests.py:39: CREDENTIALS_UNSUPPORTED</skipped></testcase><testcase classname="test_api_requests" name="test_source_request_against_explicit_fixture[[&quot;GET /api/v1/partners/accounts/{customer_account_uid}&quot;,&quot;[\\&quot;minimal\\&quot;,null,null]&quot;]]" time="0.000"><skipped type="pytest.skip" message="CREDENTIALS_UNSUPPORTED">D:\skill优化\SkVM\results\skill-ir\skill-family-pytest-development-20260911\first-run\onepassword-partnership\test_api_requests.py:39: CREDENTIALS_UNSUPPORTED</skipped></testcase><testcase classname="test_api_requests" name="test_source_request_against_explicit_fixture[[&quot;GET /api/v1/partners/accounts/{customer_account_uid}&quot;,&quot;[\\&quot;full\\&quot;,null,null]&quot;]]" time="0.000"><skipped type="pytest.skip" message="CREDENTIALS_UNSUPPORTED">D:\skill优化\SkVM\results\skill-ir\skill-family-pytest-development-20260911\first-run\onepassword-partnership\test_api_requests.py:39: CREDENTIALS_UNSUPPORTED</skipped></testcase><testcase classname="test_api_requests" name="test_source_request_against_explicit_fixture[[&quot;PATCH /api/v1/partners/accounts/{customer_account_uid}&quot;,&quot;[\\&quot;minimal\\&quot;,null,null]&quot;]]" time="0.000"><skipped type="pytest.skip" message="CREDENTIALS_UNSUPPORTED">D:\skill优化\SkVM\results\skill-ir\skill-family-pytest-development-20260911\first-run\onepassword-partnership\test_api_requests.py:39: CREDENTIALS_UNSUPPORTED</skipped></testcase><testcase classname="test_api_requests" name="test_source_request_against_explicit_fixture[[&quot;PATCH /api/v1/partners/accounts/{customer_account_uid}&quot;,&quot;[\\&quot;full\\&quot;,\\&quot;application/json\\&quot;,null]&quot;]]" time="0.000"><skipped type="pytest.skip" message="CREDENTIALS_UNSUPPORTED">D:\skill优化\SkVM\results\skill-ir\skill-family-pytest-development-20260911\first-run\onepassword-partnership\test_api_requests.py:39: CREDENTIALS_UNSUPPORTED</skipped></testcase></testsuite></testsuites>