<?xml version="1.0" encoding="utf-8"?><testsuites><testsuite name="pytest" errors="0" failures="0" skipped="27" tests="27" time="0.278" timestamp="2026-09-11T09:59:10.551538+08:00" hostname="Dominic"><testcase classname="test_api_requests" name="test_source_request_against_explicit_fixture[[&quot;GET /v1alpha/admin/consolidated-analytics/tenants&quot;,&quot;[\\&quot;minimal\\&quot;,null,null]&quot;]]" time="0.000"><skipped type="pytest.skip" message="EXPLICIT_LOOPBACK_ORACLE_REQUIRED">D:\skill优化\SkVM\.worktrees\family-current-clean-20260911\results\skill-ir\current-clean-native\visier-analytics\test_api_requests.py:42: EXPLICIT_LOOPBACK_ORACLE_REQUIRED</skipped></testcase><testcase classname="test_api_requests" name="test_source_request_against_explicit_fixture[[&quot;GET /v1alpha/admin/consolidated-analytics/tenants&quot;,&quot;[\\&quot;full\\&quot;,null,null]&quot;]]" time="0.000"><skipped type="pytest.skip" message="EXPLICIT_LOOPBACK_ORACLE_REQUIRED">D:\skill优化\SkVM\.worktrees\family-current-clean-20260911\results\skill-ir\current-clean-native\visier-analytics\test_api_requests.py:42: EXPLICIT_LOOPBACK_ORACLE_REQUIRED</skipped></testcase><testcase classname="test_api_requests" name="test_source_request_against_explicit_fixture[[&quot;POST /v1alpha/admin/consolidated-analytics/tenants&quot;,&quot;[\\&quot;minimal\\&quot;,\\&quot;application/json\\&quot;,null]&quot;]]" time="0.000"><skipped type="pytest.skip" message="EXPLICIT_LOOPBACK_ORACLE_REQUIRED">D:\skill优化\SkVM\.worktrees\family-current-clean-20260911\results\skill-ir\current-clean-native\visier-analytics\test_api_requests.py:42: EXPLICIT_LOOPBACK_ORACLE_REQUIRED</skipped></testcase><testcase classname="test_api_requests" name="test_source_request_against_explicit_fixture[[&quot;POST /v1alpha/admin/consolidated-analytics/tenants&quot;,&quot;[\\&quot;minimal\\&quot;,\\&quot;application/json\\&quot;,\\&quot;body\\&quot;]&quot;]]" time="0.000"><skipped type="pytest.skip" message="EXPLICIT_LOOPBACK_ORACLE_REQUIRED">D:\skill优化\SkVM\.worktrees\family-current-clean-20260911\results\skill-ir\current-clean-native\visier-analytics\test_api_requests.py:42: EXPLICIT_LOOPBACK_ORACLE_REQUIRED</skipped></testcase><testcase classname="test_api_requests" name="test_source_request_against_explicit_fixture[[&quot;POST /v1alpha/admin/consolidated-analytics/tenants&quot;,&quot;[\\&quot;full\\&quot;,\\&quot;application/json\\&quot;,null]&quot;]]" time="0.000"><skipped type="pytest.skip" message="EXPLICIT_LOOPBACK_ORACLE_REQUIRED">D:\skill优化\SkVM\.worktrees\family-current-clean-20260911\results\skill-ir\current-clean-native\visier-analytics\test_api_requests.py:42: EXPLICIT_LOOPBACK_ORACLE_REQUIRED</skipped></testcase><testcase classname="test_api_requests" name="test_source_request_against_explicit_fixture[[&quot;DELETE /v1alpha/admin/consolidated-analytics/tenants/:tenantId/excluded-sources&quot;,&quot;[\\&quot;minimal\\&quot;,\\&quot;application/json\\&quot;,null]&quot;]]" time="0.000"><skipped type="pytest.skip" message="SOURCE_UNRESOLVED: Error: request body method semantics unsupported">D:\skill优化\SkVM\.worktrees\family-current-clean-20260911\results\skill-ir\current-clean-native\visier-analytics\test_api_requests.py:37: SOURCE_UNRESOLVED: Error: request body method semantics unsupported</skipped></testcase><testcase classname="test_api_requests" name="test_source_request_against_explicit_fixture[[&quot;DELETE /v1alpha/admin/consolidated-analytics/tenants/:tenantId/excluded-sources&quot;,&quot;[\\&quot;minimal\\&quot;,\\&quot;application/json\\&quot;,\\&quot;body\\&quot;]&quot;]]" time="0.000"><skipped type="pytest.skip" message="SOURCE_UNRESOLVED: Error: request body method semantics unsupported">D:\skill优化\SkVM\.worktrees\family-current-clean-20260911\results\skill-ir\current-clean-native\visier-analytics\test_api_requests.py:37: SOURCE_UNRESOLVED: Error: request body method semantics unsupported</skipped></testcase><testcase classname="test_api_requests" name="test_source_request_against_explicit_fixture[[&quot;DELETE /v1alpha/admin/consolidated-analytics/tenants/:tenantId/excluded-sources&quot;,&quot;[\\&quot;full\\&quot;,\\&quot;application/json\\&quot;,null]&quot;]]" time="0.000"><skipped type="pytest.skip" message="SOURCE_UNRESOLVED: Error: request body method semantics unsupported">D:\skill优化\SkVM\.worktrees\family-current-clean-20260911\results\skill-ir\current-clean-native\visier-analytics\test_api_requests.py:37: SOURCE_UNRESOLVED: Error: request body method semantics unsupported</skipped></testcase><testcase classname="test_api_requests" name="test_source_request_against_explicit_fixture[[&quot;GET /v1alpha/admin/consolidated-analytics/tenants/:tenantId/excluded-sources&quot;,&quot;[\\&quot;minimal\\&quot;,null,null]&quot;]]" time="0.000"><skipped type="pytest.skip" message="EXPLICIT_LOOPBACK_ORACLE_REQUIRED">D:\skill优化\SkVM\.worktrees\family-current-clean-20260911\results\skill-ir\current-clean-native\visier-analytics\test_api_requests.py:42: EXPLICIT_LOOPBACK_ORACLE_REQUIRED</skipped></testcase><testcase classname="test_api_requests" name="test_source_request_against_explicit_fixture[[&quot;GET /v1alpha/admin/consolidated-analytics/tenants/:tenantId/excluded-sources&quot;,&quot;[\\&quot;full\\&quot;,null,null]&quot;]]" time="0.000"><skipped type="pytest.skip" message="EXPLICIT_LOOPBACK_ORACLE_REQUIRED">D:\skill优化\SkVM\.worktrees\family-current-clean-20260911\results\skill-ir\current-clean-native\visier-analytics\test_api_requests.py:42: EXPLICIT_LOOPBACK_ORACLE_REQUIRED</skipped></testcase><testcase classname="test_api_requests" name="test_source_request_against_explicit_fixture[[&quot;PATCH /v1alpha/admin/consolidated-analytics/tenants/:tenantId/excluded-sources&quot;,&quot;[\\&quot;minimal\\&quot;,\\&quot;application/json\\&quot;,null]&quot;]]" time="0.000"><skipped type="pytest.skip" message="EXPLICIT_LOOPBACK_ORACLE_REQUIRED">D:\skill优化\SkVM\.worktrees\family-current-clean-20260911\results\skill-ir\current-clean-native\visier-analytics\test_api_requests.py:42: EXPLICIT_LOOPBACK_ORACLE_REQUIRED</skipped></testcase><testcase classname="test_api_requests" name="test_source_request_against_explicit_fixture[[&quot;PATCH /v1alpha/admin/consolidated-analytics/tenants/:tenantId/excluded-sources&quot;,&quot;[\\&quot;minimal\\&quot;,\\&quot;application/json\\&quot;,\\&quot;body\\&quot;]&quot;]]" time="0.000"><skipped type="pytest.skip" message="EXPLICIT_LOOPBACK_ORACLE_REQUIRED">D:\skill优化\SkVM\.worktrees\family-current-clean-20260911\results\skill-ir\current-clean-native\visier-analytics\test_api_requests.py:42: EXPLICIT_LOOPBACK_ORACLE_REQUIRED</skipped></testcase><testcase classname="test_api_requests" name="test_source_request_against_explicit_fixture[[&quot;PATCH /v1alpha/admin/consolidated-analytics/tenants/:tenantId/excluded-sources&quot;,&quot;[\\&quot;full\\&quot;,\\&quot;application/json\\&quot;,null]&quot;]]" time="0.000"><skipped type="pytest.skip" message="EXPLICIT_LOOPBACK_ORACLE_REQUIRED">D:\skill优化\SkVM\.worktrees\family-current-clean-20260911\results\skill-ir\current-clean-native\visier-analytics\test_api_requests.py:42: EXPLICIT_LOOPBACK_ORACLE_REQUIRED</skipped></testcase><testcase classname="test_api_requests" name="test_source_request_against_explicit_fixture[[&quot;PUT /v1alpha/admin/consolidated-analytics/tenants/:tenantId/excluded-sources&quot;,&quot;[\\&quot;minimal\\&quot;,\\&quot;application/json\\&quot;,null]&quot;]]" time="0.000"><skipped type="pytest.skip" message="EXPLICIT_LOOPBACK_ORACLE_REQUIRED">D:\skill优化\SkVM\.worktrees\family-current-clean-20260911\results\skill-ir\current-clean-native\visier-analytics\test_api_requests.py:42: EXPLICIT_LOOPBACK_ORACLE_REQUIRED</skipped></testcase><testcase classname="test_api_requests" name="test_source_request_against_explicit_fixture[[&quot;PUT /v1alpha/admin/consolidated-analytics/tenants/:tenantId/excluded-sources&quot;,&quot;[\\&quot;minimal\\&quot;,\\&quot;application/json\\&quot;,\\&quot;body\\&quot;]&quot;]]" time="0.000"><skipped type="pytest.skip" message="EXPLICIT_LOOPBACK_ORACLE_REQUIRED">D:\skill优化\SkVM\.worktrees\family-current-clean-20260911\results\skill-ir\current-clean-native\visier-analytics\test_api_requests.py:42: EXPLICIT_LOOPBACK_ORACLE_REQUIRED</skipped></testcase><testcase classname="test_api_requests" name="test_source_request_against_explicit_fixture[[&quot;PUT /v1alpha/admin/consolidated-analytics/tenants/:tenantId/excluded-sources&quot;,&quot;[\\&quot;full\\&quot;,\\&quot;application/json\\&quot;,null]&quot;]]" time="0.000"><skipped type="pytest.skip" message="EXPLICIT_LOOPBACK_ORACLE_REQUIRED">D:\skill优化\SkVM\.worktrees\family-current-clean-20260911\results\skill-ir\current-clean-native\visier-analytics\test_api_requests.py:42: EXPLICIT_LOOPBACK_ORACLE_REQUIRED</skipped></testcase><testcase classname="test_api_requests" name="test_source_request_against_explicit_fixture[[&quot;DELETE /v1alpha/admin/consolidated-analytics/tenants/:tenantId/source-tenants&quot;,&quot;[\\&quot;minimal\\&quot;,\\&quot;application/json\\&quot;,null]&quot;]]" time="0.000"><skipped type="pytest.skip" message="SOURCE_UNRESOLVED: Error: request body method semantics unsupported">D:\skill优化\SkVM\.worktrees\family-current-clean-20260911\results\skill-ir\current-clean-native\visier-analytics\test_api_requests.py:37: SOURCE_UNRESOLVED: Error: request body method semantics unsupported</skipped></testcase><testcase classname="test_api_requests" name="test_source_request_against_explicit_fixture[[&quot;DELETE /v1alpha/admin/consolidated-analytics/tenants/:tenantId/source-tenants&quot;,&quot;[\\&quot;minimal\\&quot;,\\&quot;application/json\\&quot;,\\&quot;body\\&quot;]&quot;]]" time="0.000"><skipped type="pytest.skip" message="SOURCE_UNRESOLVED: Error: request body method semantics unsupported">D:\skill优化\SkVM\.worktrees\family-current-clean-20260911\results\skill-ir\current-clean-native\visier-analytics\test_api_requests.py:37: SOURCE_UNRESOLVED: Error: request body method semantics unsupported</skipped></testcase><testcase classname="test_api_requests" name="test_source_request_against_explicit_fixture[[&quot;DELETE /v1alpha/admin/consolidated-analytics/tenants/:tenantId/source-tenants&quot;,&quot;[\\&quot;full\\&quot;,\\&quot;application/json\\&quot;,null]&quot;]]" time="0.000"><skipped type="pytest.skip" message="SOURCE_UNRESOLVED: Error: request body method semantics unsupported">D:\skill优化\SkVM\.worktrees\family-current-clean-20260911\results\skill-ir\current-clean-native\visier-analytics\test_api_requests.py:37: SOURCE_UNRESOLVED: Error: request body method semantics unsupported</skipped></testcase><testcase classname="test_api_requests" name="test_source_request_against_explicit_fixture[[&quot;GET /v1alpha/admin/consolidated-analytics/tenants/:tenantId/source-tenants&quot;,&quot;[\\&quot;minimal\\&quot;,null,null]&quot;]]" time="0.000"><skipped type="pytest.skip" message="EXPLICIT_LOOPBACK_ORACLE_REQUIRED">D:\skill优化\SkVM\.worktrees\family-current-clean-20260911\results\skill-ir\current-clean-native\visier-analytics\test_api_requests.py:42: EXPLICIT_LOOPBACK_ORACLE_REQUIRED</skipped></testcase><testcase classname="test_api_requests" name="test_source_request_against_explicit_fixture[[&quot;GET /v1alpha/admin/consolidated-analytics/tenants/:tenantId/source-tenants&quot;,&quot;[\\&quot;full\\&quot;,null,null]&quot;]]" time="0.000"><skipped type="pytest.skip" message="EXPLICIT_LOOPBACK_ORACLE_REQUIRED">D:\skill优化\SkVM\.worktrees\family-current-clean-20260911\results\skill-ir\current-clean-native\visier-analytics\test_api_requests.py:42: EXPLICIT_LOOPBACK_ORACLE_REQUIRED</skipped></testcase><testcase classname="test_api_requests" name="test_source_request_against_explicit_fixture[[&quot;PATCH /v1alpha/admin/consolidated-analytics/tenants/:tenantId/source-tenants&quot;,&quot;[\\&quot;minimal\\&quot;,\\&quot;application/json\\&quot;,null]&quot;]]" time="0.000"><skipped type="pytest.skip" message="EXPLICIT_LOOPBACK_ORACLE_REQUIRED">D:\skill优化\SkVM\.worktrees\family-current-clean-20260911\results\skill-ir\current-clean-native\visier-analytics\test_api_requests.py:42: EXPLICIT_LOOPBACK_ORACLE_REQUIRED</skipped></testcase><testcase classname="test_api_requests" name="test_source_request_against_explicit_fixture[[&quot;PATCH /v1alpha/admin/consolidated-analytics/tenants/:tenantId/source-tenants&quot;,&quot;[\\&quot;minimal\\&quot;,\\&quot;application/json\\&quot;,\\&quot;body\\&quot;]&quot;]]" time="0.000"><skipped type="pytest.skip" message="EXPLICIT_LOOPBACK_ORACLE_REQUIRED">D:\skill优化\SkVM\.worktrees\family-current-clean-20260911\results\skill-ir\current-clean-native\visier-analytics\test_api_requests.py:42: EXPLICIT_LOOPBACK_ORACLE_REQUIRED</skipped></testcase><testcase classname="test_api_requests" name="test_source_request_against_explicit_fixture[[&quot;PATCH /v1alpha/admin/consolidated-analytics/tenants/:tenantId/source-tenants&quot;,&quot;[\\&quot;full\\&quot;,\\&quot;application/json\\&quot;,null]&quot;]]" time="0.000"><skipped type="pytest.skip" message="EXPLICIT_LOOPBACK_ORACLE_REQUIRED">D:\skill优化\SkVM\.worktrees\family-current-clean-20260911\results\skill-ir\current-clean-native\visier-analytics\test_api_requests.py:42: EXPLICIT_LOOPBACK_ORACLE_REQUIRED</skipped></testcase><testcase classname="test_api_requests" name="test_source_request_against_explicit_fixture[[&quot;PUT /v1alpha/admin/consolidated-analytics/tenants/:tenantId/source-tenants&quot;,&quot;[\\&quot;minimal\\&quot;,\\&quot;application/json\\&quot;,null]&quot;]]" time="0.000"><skipped type="pytest.skip" message="EXPLICIT_LOOPBACK_ORACLE_REQUIRED">D:\skill优化\SkVM\.worktrees\family-current-clean-20260911\results\skill-ir\current-clean-native\visier-analytics\test_api_requests.py:42: EXPLICIT_LOOPBACK_ORACLE_REQUIRED</skipped></testcase><testcase classname="test_api_requests" name="test_source_request_against_explicit_fixture[[&quot;PUT /v1alpha/admin/consolidated-analytics/tenants/:tenantId/source-tenants&quot;,&quot;[\\&quot;minimal\\&quot;,\\&quot;application/json\\&quot;,\\&quot;body\\&quot;]&quot;]]" time="0.000"><skipped type="pytest.skip" message="EXPLICIT_LOOPBACK_ORACLE_REQUIRED">D:\skill优化\SkVM\.worktrees\family-current-clean-20260911\results\skill-ir\current-clean-native\visier-analytics\test_api_requests.py:42: EXPLICIT_LOOPBACK_ORACLE_REQUIRED</skipped></testcase><testcase classname="test_api_requests" name="test_source_request_against_explicit_fixture[[&quot;PUT /v1alpha/admin/consolidated-analytics/tenants/:tenantId/source-tenants&quot;,&quot;[\\&quot;full\\&quot;,\\&quot;application/json\\&quot;,null]&quot;]]" time="0.000"><skipped type="pytest.skip" message="EXPLICIT_LOOPBACK_ORACLE_REQUIRED">D:\skill优化\SkVM\.worktrees\family-current-clean-20260911\results\skill-ir\current-clean-native\visier-analytics\test_api_requests.py:42: EXPLICIT_LOOPBACK_ORACLE_REQUIRED</skipped></testcase></testsuite></testsuites>