<?xml version="1.0" encoding="utf-8"?><testsuites><testsuite name="pytest" errors="0" failures="0" skipped="11" tests="11" time="0.166" timestamp="2026-09-11T09:20:01.612168+08:00" hostname="Dominic"><testcase classname="test_api_requests" name="test_source_request_against_explicit_fixture[[&quot;GET /api/v1/check&quot;,&quot;[\\&quot;minimal\\&quot;,null,null]&quot;]]" time="0.001"><skipped type="pytest.skip" message="CREDENTIALS_UNSUPPORTED">D:\skill优化\SkVM\results\skill-ir\skill-family-pytest-development-20260911\first-run\zapier-actions\test_api_requests.py:39: CREDENTIALS_UNSUPPORTED</skipped></testcase><testcase classname="test_api_requests" name="test_source_request_against_explicit_fixture[[&quot;GET /api/v1/check&quot;,&quot;[\\&quot;full\\&quot;,null,null]&quot;]]" time="0.000"><skipped type="pytest.skip" message="CREDENTIALS_UNSUPPORTED">D:\skill优化\SkVM\results\skill-ir\skill-family-pytest-development-20260911\first-run\zapier-actions\test_api_requests.py:39: CREDENTIALS_UNSUPPORTED</skipped></testcase><testcase classname="test_api_requests" name="test_source_request_against_explicit_fixture[[&quot;GET /api/v1/configuration-link&quot;,&quot;[\\&quot;minimal\\&quot;,null,null]&quot;]]" time="0.000"><skipped type="pytest.skip" message="CREDENTIALS_UNSUPPORTED">D:\skill优化\SkVM\results\skill-ir\skill-family-pytest-development-20260911\first-run\zapier-actions\test_api_requests.py:39: CREDENTIALS_UNSUPPORTED</skipped></testcase><testcase classname="test_api_requests" name="test_source_request_against_explicit_fixture[[&quot;GET /api/v1/configuration-link&quot;,&quot;[\\&quot;full\\&quot;,null,null]&quot;]]" time="0.000"><skipped type="pytest.skip" message="CREDENTIALS_UNSUPPORTED">D:\skill优化\SkVM\results\skill-ir\skill-family-pytest-development-20260911\first-run\zapier-actions\test_api_requests.py:39: CREDENTIALS_UNSUPPORTED</skipped></testcase><testcase classname="test_api_requests" name="test_source_request_against_explicit_fixture[[&quot;GET /api/v1/execution-log/{execution_log_id}&quot;,&quot;[\\&quot;minimal\\&quot;,null,null]&quot;]]" time="0.000"><skipped type="pytest.skip" message="CREDENTIALS_UNSUPPORTED">D:\skill优化\SkVM\results\skill-ir\skill-family-pytest-development-20260911\first-run\zapier-actions\test_api_requests.py:39: CREDENTIALS_UNSUPPORTED</skipped></testcase><testcase classname="test_api_requests" name="test_source_request_against_explicit_fixture[[&quot;GET /api/v1/execution-log/{execution_log_id}&quot;,&quot;[\\&quot;full\\&quot;,null,null]&quot;]]" time="0.000"><skipped type="pytest.skip" message="CREDENTIALS_UNSUPPORTED">D:\skill优化\SkVM\results\skill-ir\skill-family-pytest-development-20260911\first-run\zapier-actions\test_api_requests.py:39: CREDENTIALS_UNSUPPORTED</skipped></testcase><testcase classname="test_api_requests" name="test_source_request_against_explicit_fixture[[&quot;GET /api/v1/exposed&quot;,&quot;[\\&quot;minimal\\&quot;,null,null]&quot;]]" time="0.000"><skipped type="pytest.skip" message="CREDENTIALS_UNSUPPORTED">D:\skill优化\SkVM\results\skill-ir\skill-family-pytest-development-20260911\first-run\zapier-actions\test_api_requests.py:39: CREDENTIALS_UNSUPPORTED</skipped></testcase><testcase classname="test_api_requests" name="test_source_request_against_explicit_fixture[[&quot;GET /api/v1/exposed&quot;,&quot;[\\&quot;full\\&quot;,null,null]&quot;]]" time="0.000"><skipped type="pytest.skip" message="CREDENTIALS_UNSUPPORTED">D:\skill优化\SkVM\results\skill-ir\skill-family-pytest-development-20260911\first-run\zapier-actions\test_api_requests.py:39: CREDENTIALS_UNSUPPORTED</skipped></testcase><testcase classname="test_api_requests" name="test_source_request_against_explicit_fixture[[&quot;POST /api/v1/exposed/{exposed_app_action_id}/execute&quot;,&quot;[\\&quot;minimal\\&quot;,\\&quot;application/json\\&quot;,null]&quot;]]" time="0.000"><skipped type="pytest.skip" message="CREDENTIALS_UNSUPPORTED">D:\skill优化\SkVM\results\skill-ir\skill-family-pytest-development-20260911\first-run\zapier-actions\test_api_requests.py:39: CREDENTIALS_UNSUPPORTED</skipped></testcase><testcase classname="test_api_requests" name="test_source_request_against_explicit_fixture[[&quot;POST /api/v1/exposed/{exposed_app_action_id}/execute&quot;,&quot;[\\&quot;minimal\\&quot;,\\&quot;application/json\\&quot;,\\&quot;body\\&quot;]&quot;]]" time="0.000"><skipped type="pytest.skip" message="CREDENTIALS_UNSUPPORTED">D:\skill优化\SkVM\results\skill-ir\skill-family-pytest-development-20260911\first-run\zapier-actions\test_api_requests.py:39: CREDENTIALS_UNSUPPORTED</skipped></testcase><testcase classname="test_api_requests" name="test_source_request_against_explicit_fixture[[&quot;POST /api/v1/exposed/{exposed_app_action_id}/execute&quot;,&quot;[\\&quot;full\\&quot;,\\&quot;application/json\\&quot;,null]&quot;]]" time="0.000"><skipped type="pytest.skip" message="CREDENTIALS_UNSUPPORTED">D:\skill优化\SkVM\results\skill-ir\skill-family-pytest-development-20260911\first-run\zapier-actions\test_api_requests.py:39: CREDENTIALS_UNSUPPORTED</skipped></testcase></testsuite></testsuites>