<?xml version="1.0" encoding="utf-8"?><testsuites><testsuite name="pytest" errors="0" failures="0" skipped="24" tests="24" time="0.280" timestamp="2026-09-11T09:59:12.287606+08:00" hostname="Dominic"><testcase classname="test_api_requests" name="test_source_request_against_explicit_fixture[[&quot;GET /actions&quot;,&quot;[\\&quot;minimal\\&quot;,null,null]&quot;]]" time="0.001"><skipped type="pytest.skip" message="EXPLICIT_LOOPBACK_ORACLE_REQUIRED">D:\skill优化\SkVM\.worktrees\family-current-clean-20260911\results\skill-ir\current-clean-native\zapier-embed\test_api_requests.py:42: EXPLICIT_LOOPBACK_ORACLE_REQUIRED</skipped></testcase><testcase classname="test_api_requests" name="test_source_request_against_explicit_fixture[[&quot;GET /actions&quot;,&quot;[\\&quot;minimal\\&quot;,null,\\&quot;query:action_type\\&quot;]&quot;]]" time="0.000"><skipped type="pytest.skip" message="EXPLICIT_LOOPBACK_ORACLE_REQUIRED">D:\skill优化\SkVM\.worktrees\family-current-clean-20260911\results\skill-ir\current-clean-native\zapier-embed\test_api_requests.py:42: EXPLICIT_LOOPBACK_ORACLE_REQUIRED</skipped></testcase><testcase classname="test_api_requests" name="test_source_request_against_explicit_fixture[[&quot;GET /actions&quot;,&quot;[\\&quot;minimal\\&quot;,null,\\&quot;query:app\\&quot;]&quot;]]" time="0.000"><skipped type="pytest.skip" message="EXPLICIT_LOOPBACK_ORACLE_REQUIRED">D:\skill优化\SkVM\.worktrees\family-current-clean-20260911\results\skill-ir\current-clean-native\zapier-embed\test_api_requests.py:42: EXPLICIT_LOOPBACK_ORACLE_REQUIRED</skipped></testcase><testcase classname="test_api_requests" name="test_source_request_against_explicit_fixture[[&quot;GET /actions&quot;,&quot;[\\&quot;full\\&quot;,null,null]&quot;]]" time="0.000"><skipped type="pytest.skip" message="EXPLICIT_LOOPBACK_ORACLE_REQUIRED">D:\skill优化\SkVM\.worktrees\family-current-clean-20260911\results\skill-ir\current-clean-native\zapier-embed\test_api_requests.py:42: EXPLICIT_LOOPBACK_ORACLE_REQUIRED</skipped></testcase><testcase classname="test_api_requests" name="test_source_request_against_explicit_fixture[[&quot;POST /actions/{action}/inputs&quot;,null]]" time="0.000"><skipped type="pytest.skip" message="SOURCE_UNRESOLVED: Error: reference siblings unresolved">D:\skill优化\SkVM\.worktrees\family-current-clean-20260911\results\skill-ir\current-clean-native\zapier-embed\test_api_requests.py:37: SOURCE_UNRESOLVED: Error: reference siblings unresolved</skipped></testcase><testcase classname="test_api_requests" name="test_source_request_against_explicit_fixture[[&quot;POST /actions/{action}/inputs/{input}/choices&quot;,&quot;[\\&quot;minimal\\&quot;,null,null]&quot;]]" time="0.000"><skipped type="pytest.skip" message="EXPLICIT_LOOPBACK_ORACLE_REQUIRED">D:\skill优化\SkVM\.worktrees\family-current-clean-20260911\results\skill-ir\current-clean-native\zapier-embed\test_api_requests.py:42: EXPLICIT_LOOPBACK_ORACLE_REQUIRED</skipped></testcase><testcase classname="test_api_requests" name="test_source_request_against_explicit_fixture[[&quot;POST /actions/{action}/inputs/{input}/choices&quot;,&quot;[\\&quot;full\\&quot;,\\&quot;application/vnd.api+json\\&quot;,null]&quot;]]" time="0.000"><skipped type="pytest.skip" message="EXPLICIT_LOOPBACK_ORACLE_REQUIRED">D:\skill优化\SkVM\.worktrees\family-current-clean-20260911\results\skill-ir\current-clean-native\zapier-embed\test_api_requests.py:42: EXPLICIT_LOOPBACK_ORACLE_REQUIRED</skipped></testcase><testcase classname="test_api_requests" name="test_source_request_against_explicit_fixture[[&quot;POST /actions/{action}/outputs&quot;,null]]" time="0.000"><skipped type="pytest.skip" message="SOURCE_UNRESOLVED: Error: reference siblings unresolved">D:\skill优化\SkVM\.worktrees\family-current-clean-20260911\results\skill-ir\current-clean-native\zapier-embed\test_api_requests.py:37: SOURCE_UNRESOLVED: Error: reference siblings unresolved</skipped></testcase><testcase classname="test_api_requests" name="test_source_request_against_explicit_fixture[[&quot;POST /actions/{action}/test&quot;,&quot;[\\&quot;minimal\\&quot;,null,null]&quot;]]" time="0.000"><skipped type="pytest.skip" message="EXPLICIT_LOOPBACK_ORACLE_REQUIRED">D:\skill优化\SkVM\.worktrees\family-current-clean-20260911\results\skill-ir\current-clean-native\zapier-embed\test_api_requests.py:42: EXPLICIT_LOOPBACK_ORACLE_REQUIRED</skipped></testcase><testcase classname="test_api_requests" name="test_source_request_against_explicit_fixture[[&quot;POST /actions/{action}/test&quot;,&quot;[\\&quot;full\\&quot;,\\&quot;application/vnd.api+json\\&quot;,null]&quot;]]" time="0.000"><skipped type="pytest.skip" message="SOURCE_UNRESOLVED: Error: body: unsupported: Error: unsupported: validation-bearing reference siblings">D:\skill优化\SkVM\.worktrees\family-current-clean-20260911\results\skill-ir\current-clean-native\zapier-embed\test_api_requests.py:37: SOURCE_UNRESOLVED: Error: body: unsupported: Error: unsupported: validation-bearing reference siblings</skipped></testcase><testcase classname="test_api_requests" name="test_source_request_against_explicit_fixture[[&quot;GET /apps&quot;,&quot;[\\&quot;minimal\\&quot;,null,null]&quot;]]" time="0.000"><skipped type="pytest.skip" message="CREDENTIALS_UNSUPPORTED">D:\skill优化\SkVM\.worktrees\family-current-clean-20260911\results\skill-ir\current-clean-native\zapier-embed\test_api_requests.py:39: CREDENTIALS_UNSUPPORTED</skipped></testcase><testcase classname="test_api_requests" name="test_source_request_against_explicit_fixture[[&quot;GET /apps&quot;,&quot;[\\&quot;full\\&quot;,null,null]&quot;]]" time="0.000"><skipped type="pytest.skip" message="CREDENTIALS_UNSUPPORTED">D:\skill优化\SkVM\.worktrees\family-current-clean-20260911\results\skill-ir\current-clean-native\zapier-embed\test_api_requests.py:39: CREDENTIALS_UNSUPPORTED</skipped></testcase><testcase classname="test_api_requests" name="test_source_request_against_explicit_fixture[[&quot;GET /authentications&quot;,&quot;[\\&quot;minimal\\&quot;,null,null]&quot;]]" time="0.000"><skipped type="pytest.skip" message="EXPLICIT_LOOPBACK_ORACLE_REQUIRED">D:\skill优化\SkVM\.worktrees\family-current-clean-20260911\results\skill-ir\current-clean-native\zapier-embed\test_api_requests.py:42: EXPLICIT_LOOPBACK_ORACLE_REQUIRED</skipped></testcase><testcase classname="test_api_requests" name="test_source_request_against_explicit_fixture[[&quot;GET /authentications&quot;,&quot;[\\&quot;minimal\\&quot;,null,\\&quot;query:app\\&quot;]&quot;]]" time="0.000"><skipped type="pytest.skip" message="EXPLICIT_LOOPBACK_ORACLE_REQUIRED">D:\skill优化\SkVM\.worktrees\family-current-clean-20260911\results\skill-ir\current-clean-native\zapier-embed\test_api_requests.py:42: EXPLICIT_LOOPBACK_ORACLE_REQUIRED</skipped></testcase><testcase classname="test_api_requests" name="test_source_request_against_explicit_fixture[[&quot;GET /authentications&quot;,&quot;[\\&quot;full\\&quot;,null,null]&quot;]]" time="0.000"><skipped type="pytest.skip" message="EXPLICIT_LOOPBACK_ORACLE_REQUIRED">D:\skill优化\SkVM\.worktrees\family-current-clean-20260911\results\skill-ir\current-clean-native\zapier-embed\test_api_requests.py:42: EXPLICIT_LOOPBACK_ORACLE_REQUIRED</skipped></testcase><testcase classname="test_api_requests" name="test_source_request_against_explicit_fixture[[&quot;POST /authentications&quot;,&quot;[\\&quot;minimal\\&quot;,\\&quot;application/vnd.api+json\\&quot;,null]&quot;]]" time="0.000"><skipped type="pytest.skip" message="EXPLICIT_LOOPBACK_ORACLE_REQUIRED">D:\skill优化\SkVM\.worktrees\family-current-clean-20260911\results\skill-ir\current-clean-native\zapier-embed\test_api_requests.py:42: EXPLICIT_LOOPBACK_ORACLE_REQUIRED</skipped></testcase><testcase classname="test_api_requests" name="test_source_request_against_explicit_fixture[[&quot;POST /authentications&quot;,&quot;[\\&quot;minimal\\&quot;,\\&quot;application/vnd.api+json\\&quot;,\\&quot;body\\&quot;]&quot;]]" time="0.000"><skipped type="pytest.skip" message="EXPLICIT_LOOPBACK_ORACLE_REQUIRED">D:\skill优化\SkVM\.worktrees\family-current-clean-20260911\results\skill-ir\current-clean-native\zapier-embed\test_api_requests.py:42: EXPLICIT_LOOPBACK_ORACLE_REQUIRED</skipped></testcase><testcase classname="test_api_requests" name="test_source_request_against_explicit_fixture[[&quot;POST /authentications&quot;,&quot;[\\&quot;full\\&quot;,\\&quot;application/vnd.api+json\\&quot;,null]&quot;]]" time="0.000"><skipped type="pytest.skip" message="EXPLICIT_LOOPBACK_ORACLE_REQUIRED">D:\skill优化\SkVM\.worktrees\family-current-clean-20260911\results\skill-ir\current-clean-native\zapier-embed\test_api_requests.py:42: EXPLICIT_LOOPBACK_ORACLE_REQUIRED</skipped></testcase><testcase classname="test_api_requests" name="test_source_request_against_explicit_fixture[[&quot;GET /zap-runs&quot;,&quot;[\\&quot;minimal\\&quot;,null,null]&quot;]]" time="0.000"><skipped type="pytest.skip" message="EXPLICIT_LOOPBACK_ORACLE_REQUIRED">D:\skill优化\SkVM\.worktrees\family-current-clean-20260911\results\skill-ir\current-clean-native\zapier-embed\test_api_requests.py:42: EXPLICIT_LOOPBACK_ORACLE_REQUIRED</skipped></testcase><testcase classname="test_api_requests" name="test_source_request_against_explicit_fixture[[&quot;GET /zap-runs&quot;,&quot;[\\&quot;full\\&quot;,null,null]&quot;]]" time="0.000"><skipped type="pytest.skip" message="EXPLICIT_LOOPBACK_ORACLE_REQUIRED">D:\skill优化\SkVM\.worktrees\family-current-clean-20260911\results\skill-ir\current-clean-native\zapier-embed\test_api_requests.py:42: EXPLICIT_LOOPBACK_ORACLE_REQUIRED</skipped></testcase><testcase classname="test_api_requests" name="test_source_request_against_explicit_fixture[[&quot;GET /zaps&quot;,&quot;[\\&quot;minimal\\&quot;,null,null]&quot;]]" time="0.000"><skipped type="pytest.skip" message="EXPLICIT_LOOPBACK_ORACLE_REQUIRED">D:\skill优化\SkVM\.worktrees\family-current-clean-20260911\results\skill-ir\current-clean-native\zapier-embed\test_api_requests.py:42: EXPLICIT_LOOPBACK_ORACLE_REQUIRED</skipped></testcase><testcase classname="test_api_requests" name="test_source_request_against_explicit_fixture[[&quot;GET /zaps&quot;,&quot;[\\&quot;full\\&quot;,null,null]&quot;]]" time="0.000"><skipped type="pytest.skip" message="SOURCE_UNRESOLVED: Error: query:inputs: Error: content/allowReserved encoding">D:\skill优化\SkVM\.worktrees\family-current-clean-20260911\results\skill-ir\current-clean-native\zapier-embed\test_api_requests.py:37: SOURCE_UNRESOLVED: Error: query:inputs: Error: content/allowReserved encoding</skipped></testcase><testcase classname="test_api_requests" name="test_source_request_against_explicit_fixture[[&quot;POST /zaps&quot;,&quot;[\\&quot;minimal\\&quot;,null,null]&quot;]]" time="0.000"><skipped type="pytest.skip" message="EXPLICIT_LOOPBACK_ORACLE_REQUIRED">D:\skill优化\SkVM\.worktrees\family-current-clean-20260911\results\skill-ir\current-clean-native\zapier-embed\test_api_requests.py:42: EXPLICIT_LOOPBACK_ORACLE_REQUIRED</skipped></testcase><testcase classname="test_api_requests" name="test_source_request_against_explicit_fixture[[&quot;POST /zaps&quot;,&quot;[\\&quot;full\\&quot;,\\&quot;application/vnd.api+json\\&quot;,null]&quot;]]" time="0.000"><skipped type="pytest.skip" message="SOURCE_UNRESOLVED: Error: body: unsupported: Error: unsupported: validation-bearing reference siblings">D:\skill优化\SkVM\.worktrees\family-current-clean-20260911\results\skill-ir\current-clean-native\zapier-embed\test_api_requests.py:37: SOURCE_UNRESOLVED: Error: body: unsupported: Error: unsupported: validation-bearing reference siblings</skipped></testcase></testsuite></testsuites>