<?xml version="1.0" encoding="utf-8"?><testsuites><testsuite name="pytest" errors="0" failures="0" skipped="6" tests="6" time="0.159" timestamp="2026-09-11T09:19:57.611488+08:00" hostname="Dominic"><testcase classname="test_api_requests" name="test_source_request_against_explicit_fixture[[&quot;PATCH /channels/{channel_id}&quot;,&quot;[\\&quot;minimal\\&quot;,null,null]&quot;]]" time="0.001"><skipped type="pytest.skip" message="CREDENTIALS_UNSUPPORTED">D:\skill优化\SkVM\results\skill-ir\skill-family-pytest-development-20260911\first-run\front-channel\test_api_requests.py:39: CREDENTIALS_UNSUPPORTED</skipped></testcase><testcase classname="test_api_requests" name="test_source_request_against_explicit_fixture[[&quot;PATCH /channels/{channel_id}&quot;,&quot;[\\&quot;full\\&quot;,\\&quot;application/json\\&quot;,null]&quot;]]" time="0.000"><skipped type="pytest.skip" message="CREDENTIALS_UNSUPPORTED">D:\skill优化\SkVM\results\skill-ir\skill-family-pytest-development-20260911\first-run\front-channel\test_api_requests.py:39: CREDENTIALS_UNSUPPORTED</skipped></testcase><testcase classname="test_api_requests" name="test_source_request_against_explicit_fixture[[&quot;POST /channels/{channel_id}/inbound_messages&quot;,&quot;[\\&quot;minimal\\&quot;,null,null]&quot;]]" time="0.000"><skipped type="pytest.skip" message="CREDENTIALS_UNSUPPORTED">D:\skill优化\SkVM\results\skill-ir\skill-family-pytest-development-20260911\first-run\front-channel\test_api_requests.py:39: CREDENTIALS_UNSUPPORTED</skipped></testcase><testcase classname="test_api_requests" name="test_source_request_against_explicit_fixture[[&quot;POST /channels/{channel_id}/inbound_messages&quot;,&quot;[\\&quot;full\\&quot;,\\&quot;application/json\\&quot;,null]&quot;]]" time="0.000"><skipped type="pytest.skip" message="CREDENTIALS_UNSUPPORTED">D:\skill优化\SkVM\results\skill-ir\skill-family-pytest-development-20260911\first-run\front-channel\test_api_requests.py:39: CREDENTIALS_UNSUPPORTED</skipped></testcase><testcase classname="test_api_requests" name="test_source_request_against_explicit_fixture[[&quot;POST /channels/{channel_id}/outbound_messages&quot;,&quot;[\\&quot;minimal\\&quot;,null,null]&quot;]]" time="0.000"><skipped type="pytest.skip" message="CREDENTIALS_UNSUPPORTED">D:\skill优化\SkVM\results\skill-ir\skill-family-pytest-development-20260911\first-run\front-channel\test_api_requests.py:39: CREDENTIALS_UNSUPPORTED</skipped></testcase><testcase classname="test_api_requests" name="test_source_request_against_explicit_fixture[[&quot;POST /channels/{channel_id}/outbound_messages&quot;,&quot;[\\&quot;full\\&quot;,\\&quot;application/json\\&quot;,null]&quot;]]" time="0.000"><skipped type="pytest.skip" message="CREDENTIALS_UNSUPPORTED">D:\skill优化\SkVM\results\skill-ir\skill-family-pytest-development-20260911\first-run\front-channel\test_api_requests.py:39: CREDENTIALS_UNSUPPORTED</skipped></testcase></testsuite></testsuites>